SF:lib/src/features/authentication/data/fake_auth_repository.dart
DA:14,0
DA:15,0
DA:17,0
DA:18,0
DA:20,0
DA:22,0
DA:23,0
DA:24,0
DA:25,0
DA:26,0
DA:29,0
DA:31,0
DA:34,0
DA:36,0
DA:37,0
DA:38,0
DA:39,0
DA:40,0
DA:41,0
DA:45,0
DA:47,0
DA:48,0
LF:22
LH:0
end_of_record
SF:lib/src/features/authentication/data/auth_repository.dart
DA:8,0
DA:9,0
DA:13,0
DA:14,0
DA:18,0
DA:19,0
DA:23,0
DA:24,0
DA:28,0
DA:29,0
DA:33,0
DA:34,0
LF:12
LH:0
end_of_record
SF:lib/src/features/authentication/data/auth_repository.g.dart
DA:9,0
DA:13,3
LF:2
LH:1
end_of_record
SF:lib/src/features/authentication/presentation/sign_in/auth_form_type.dart
DA:5,1
DA:7,1
DA:9,1
DA:15,1
DA:17,1
DA:19,1
DA:25,0
DA:27,0
DA:29,0
LF:9
LH:6
end_of_record
SF:lib/src/features/authentication/presentation/sign_in/sign_in_screen.dart
DA:12,0
DA:14,0
DA:16,0
DA:17,0
DA:31,2
DA:33,1
DA:34,1
DA:43,3
DA:46,1
DA:48,2
DA:49,2
DA:50,1
DA:53,1
DA:55,3
DA:56,2
DA:58,1
DA:60,1
DA:61,1
DA:62,1
DA:63,1
DA:64,1
DA:69,1
DA:70,1
DA:71,2
DA:74,1
DA:79,1
DA:80,1
DA:81,2
DA:84,1
DA:86,1
DA:87,3
DA:88,4
DA:91,4
DA:93,1
DA:94,2
DA:95,2
DA:96,1
DA:99,3
DA:102,1
DA:103,0
DA:104,0
DA:105,0
DA:106,0
DA:109,3
LF:44
LH:36
end_of_record
SF:lib/src/features/authentication/presentation/sign_in/auth_form_validators.dart
DA:2,1
DA:3,1
DA:6,1
DA:7,1
DA:8,2
DA:9,5
DA:16,0
DA:21,2
DA:23,1
DA:24,1
DA:26,1
DA:30,1
DA:31,1
DA:33,1
LF:14
LH:13
end_of_record
SF:lib/src/features/authentication/data/fake_app_user.dart
DA:5,1
LF:1
LH:1
end_of_record
SF:lib/src/utils/in_memory_store.dart
DA:5,0
DA:6,0
DA:10,0
DA:12,0
DA:15,0
DA:16,0
DA:20,0
DA:21,0
LF:8
LH:0
end_of_record
SF:lib/src/features/authentication/presentation/sign_in/sign_in_screen_controller.dart
DA:9,2
DA:10,1
DA:11,1
DA:13,1
DA:19,1
DA:20,4
DA:21,2
DA:22,1
DA:23,1
DA:24,4
DA:25,2
DA:26,1
DA:28,2
LF:13
LH:13
end_of_record
SF:lib/src/features/authentication/presentation/sign_in/sign_in_screen_controller.g.dart
DA:9,1
DA:14,2
DA:15,1
LF:3
LH:3
end_of_record
SF:lib/src/utils/async_ui.dart
DA:8,1
DA:9,2
DA:10,2
DA:11,1
DA:16,1
DA:17,1
DA:18,0
DA:20,1
LF:8
LH:7
end_of_record
SF:lib/src/utils/alert_dialogs.dart
DA:5,1
DA:10,1
DA:12,2
DA:13,1
DA:15,4
DA:16,1
DA:17,1
DA:18,0
LF:8
LH:7
end_of_record
