SF:lib/src/features/todo/data/fake_todo_repository.dart
DA:16,0
DA:18,0
DA:21,1
DA:23,3
DA:24,4
DA:27,1
DA:29,7
DA:30,3
DA:31,4
DA:34,1
DA:36,2
LF:11
LH:9
end_of_record
SF:lib/src/features/authentication/data/auth_repository.g.dart
DA:9,0
DA:13,12
LF:2
LH:1
end_of_record
SF:lib/src/features/authentication/data/fake_app_user.dart
DA:5,6
LF:1
LH:1
end_of_record
SF:lib/src/features/todo/application/todo_list_service.dart
DA:11,3
DA:12,3
DA:15,3
DA:16,12
DA:17,1
DA:18,15
DA:22,3
DA:23,12
DA:24,1
DA:25,15
LF:10
LH:10
end_of_record
SF:lib/src/features/todo/application/todo_list_service.g.dart
DA:9,3
DA:15,6
DA:16,3
LF:3
LH:3
end_of_record
SF:lib/src/features/todo/data/todo_repository.g.dart
DA:9,0
DA:13,9
DA:24,1
DA:28,3
LF:4
LH:3
end_of_record
SF:lib/main.dart
DA:10,0
DA:11,0
DA:12,0
DA:13,0
DA:14,0
DA:21,5
DA:24,1
DA:26,2
DA:27,1
DA:30,1
DA:31,1
LF:11
LH:6
end_of_record
SF:lib/src/features/authentication/presentation/sign_in/sign_in_screen.dart
DA:12,4
DA:14,1
DA:16,1
DA:17,1
DA:31,5
DA:33,2
DA:34,2
DA:43,6
DA:46,2
DA:48,4
DA:49,4
DA:50,2
DA:53,2
DA:55,6
DA:56,4
DA:58,2
DA:60,2
DA:61,2
DA:62,2
DA:63,2
DA:64,2
DA:69,2
DA:70,2
DA:71,4
DA:74,2
DA:79,2
DA:80,2
DA:81,4
DA:84,2
DA:86,2
DA:87,6
DA:88,8
DA:91,8
DA:93,2
DA:94,4
DA:95,4
DA:96,2
DA:99,6
DA:102,2
DA:103,0
DA:104,0
DA:105,0
DA:106,0
DA:109,6
LF:44
LH:40
end_of_record
SF:lib/src/features/authentication/presentation/sign_in/auth_form_validators.dart
DA:2,2
DA:3,2
DA:6,2
DA:7,2
DA:8,4
DA:9,10
DA:16,0
DA:21,4
DA:23,2
DA:24,2
DA:26,2
DA:30,2
DA:31,2
DA:33,2
LF:14
LH:13
end_of_record
SF:lib/src/router/app_router.g.dart
DA:9,1
DA:13,3
LF:2
LH:2
end_of_record
SF:lib/src/router/app_router.dart
DA:12,1
DA:14,2
DA:15,1
DA:18,2
DA:19,1
DA:20,3
DA:21,2
DA:24,1
DA:28,1
DA:34,1
DA:36,1
DA:38,1
DA:39,1
DA:44,1
DA:46,1
DA:47,1
LF:16
LH:16
end_of_record
SF:lib/src/features/authentication/presentation/sign_in/auth_form_type.dart
DA:5,2
DA:7,2
DA:9,1
DA:15,2
DA:17,2
DA:19,1
DA:25,0
DA:27,0
DA:29,0
LF:9
LH:6
end_of_record
SF:lib/src/features/authentication/presentation/sign_in/sign_in_screen_controller.dart
DA:9,2
DA:14,2
DA:20,2
DA:21,8
DA:22,4
DA:23,2
DA:24,1
DA:25,4
DA:26,2
DA:27,1
DA:29,4
LF:11
LH:11
end_of_record
SF:lib/src/features/authentication/presentation/sign_in/sign_in_screen_controller.g.dart
DA:9,2
DA:14,4
DA:15,2
LF:3
LH:3
end_of_record
SF:lib/src/features/todo/presentation/todo_form/todo_form.dart
DA:5,4
DA:7,0
DA:9,0
DA:11,0
DA:14,0
DA:24,0
DA:26,0
DA:27,0
DA:29,0
DA:30,0
DA:31,0
DA:37,0
DA:39,0
LF:13
LH:1
end_of_record
SF:lib/src/features/todo/presentation/todo_list/todo_list_screen.dart
DA:12,5
DA:14,1
DA:16,1
DA:17,1
DA:19,1
DA:20,1
DA:22,0
DA:24,0
DA:25,0
DA:31,1
DA:32,0
DA:33,0
DA:36,0
DA:67,4
DA:69,1
DA:71,2
DA:73,1
DA:74,2
DA:75,0
DA:76,1
DA:84,1
DA:86,1
DA:88,1
DA:89,1
DA:90,2
DA:91,1
DA:92,0
DA:93,1
DA:94,1
DA:96,1
DA:97,2
DA:98,1
DA:99,1
DA:101,3
DA:102,1
DA:105,1
DA:106,2
DA:108,1
DA:110,3
DA:111,1
DA:115,2
LF:41
LH:33
end_of_record
SF:lib/src/features/todo/presentation/todo_list/todo_list_screen_controller.dart
DA:9,2
DA:13,2
DA:14,2
DA:15,4
DA:16,4
DA:17,12
DA:22,2
DA:23,2
DA:24,4
DA:25,12
LF:10
LH:10
end_of_record
SF:lib/src/features/todo/presentation/todo_list/todo_list_screen_controller.g.dart
DA:9,2
DA:14,4
DA:15,2
LF:3
LH:3
end_of_record
SF:lib/src/router/go_router_refresh_stream.dart
DA:7,1
DA:8,1
DA:9,3
DA:10,2
DA:16,0
DA:18,0
DA:19,0
LF:7
LH:4
end_of_record
